This file contains any messages produced by compilers while
running configure, to aid debugging if configure makes a mistake.

It was created by configure, which was
generated by GNU Autoconf 2.59.  Invocation command line was

  $ ./configure 

## --------- ##
## Platform. ##
## --------- ##

hostname = flxhy
uname -m = i686
uname -r = 2.6.32-21-generic
uname -s = Linux
uname -v = #32-Ubuntu SMP Fri Apr 16 08:10:02 UTC 2010

/usr/bin/uname -p = unknown
/bin/uname -X     = unknown

/bin/arch              = unknown
/usr/bin/arch -k       = unknown
/usr/convex/getsysinfo = unknown
hostinfo               = unknown
/bin/machine           = unknown
/usr/bin/oslevel       = unknown
/bin/universe          = unknown

PATH: /usr/local/arm/arm-none-linux-gnueabi/bin
PATH: /usr/local/sbin
PATH: /usr/local/bin
PATH: /usr/sbin
PATH: /usr/bin
PATH: /sbin
PATH: /bin
PATH: /usr/games


## ----------- ##
## Core tests. ##
## ----------- ##

configure:1408: checking for gcc
configure:1424: found /usr/bin/gcc
configure:1434: result: gcc
configure:1678: checking for C compiler version
configure:1681: gcc --version </dev/null >&5
gcc (Ubuntu/Linaro 4.4.4-14ubuntu5) 4.4.5
Copyright (C) 2010 Free Software Foundation, Inc.
This is free software; see the source for copying conditions.  There is NO
warranty; not even for MERCHANTABILITY or FITNESS FOR A PARTICULAR PURPOSE.

configure:1684: $? = 0
configure:1686: gcc -v </dev/null >&5
Using built-in specs.
Target: i686-linux-gnu
Configured with: ../src/configure -v --with-pkgversion='Ubuntu/Linaro 4.4.4-14ubuntu5' --with-bugurl=file:///usr/share/doc/gcc-4.4/README.Bugs --enable-languages=c,c++,fortran,objc,obj-c++ --prefix=/usr --program-suffix=-4.4 --enable-shared --enable-multiarch --enable-linker-build-id --with-system-zlib --libexecdir=/usr/lib --without-included-gettext --enable-threads=posix --with-gxx-include-dir=/usr/include/c++/4.4 --libdir=/usr/lib --enable-nls --with-sysroot=/ --enable-clocale=gnu --enable-libstdcxx-debug --enable-objc-gc --enable-targets=all --disable-werror --with-arch-32=i686 --with-tune=generic --enable-checking=release --build=i686-linux-gnu --host=i686-linux-gnu --target=i686-linux-gnu
Thread model: posix
gcc version 4.4.5 (Ubuntu/Linaro 4.4.4-14ubuntu5) 
configure:1689: $? = 0
configure:1691: gcc -V </dev/null >&5
gcc: '-V' option must have argument
configure:1694: $? = 1
configure:1717: checking for C compiler default output file name
configure:1720: gcc -static -O2 -g   conftest.c  >&5
configure:1723: $? = 0
configure:1769: result: a.out
configure:1774: checking whether the C compiler works
configure:1780: ./a.out
configure:1783: $? = 0
configure:1800: result: yes
configure:1807: checking whether we are cross compiling
configure:1809: result: no
configure:1812: checking for suffix of executables
configure:1814: gcc -o conftest -static -O2 -g   conftest.c  >&5
configure:1817: $? = 0
configure:1842: result: 
configure:1848: checking for suffix of object files
configure:1869: gcc -c -static -O2 -g  conftest.c >&5
configure:1872: $? = 0
configure:1894: result: o
configure:1898: checking whether we are using the GNU C compiler
configure:1922: gcc -c -static -O2 -g  conftest.c >&5
configure:1928: $? = 0
configure:1932: test -z 
			 || test ! -s conftest.err
configure:1935: $? = 0
configure:1938: test -s conftest.o
configure:1941: $? = 0
configure:1954: result: yes
configure:1960: checking whether gcc accepts -g
configure:1981: gcc -c -g  conftest.c >&5
configure:1987: $? = 0
configure:1991: test -z 
			 || test ! -s conftest.err
configure:1994: $? = 0
configure:1997: test -s conftest.o
configure:2000: $? = 0
configure:2011: result: yes
configure:2028: checking for gcc option to accept ANSI C
configure:2098: gcc  -c -static -O2 -g  conftest.c >&5
configure:2104: $? = 0
configure:2108: test -z 
			 || test ! -s conftest.err
configure:2111: $? = 0
configure:2114: test -s conftest.o
configure:2117: $? = 0
configure:2135: result: none needed
configure:2153: gcc -c -static -O2 -g  conftest.c >&5
conftest.c:2: error: expected '=', ',', ';', 'asm' or '__attribute__' before 'me'
configure:2159: $? = 1
configure: failed program was:
| #ifndef __cplusplus
|   choke me
| #endif
configure:2305: checking for gmake
configure:2339: result: no
configure:2347: checking for make
configure:2365: found /usr/bin/make
configure:2377: result: /usr/bin/make
configure:2398: checking for glibtool
configure:2431: result: no
configure:2439: checking for libtool
configure:2473: result: no

## ---------------- ##
## Cache variables. ##
## ---------------- ##

ac_cv_c_compiler_gnu=yes
ac_cv_env_CC_set=
ac_cv_env_CC_value=
ac_cv_env_CFLAGS_set=set
ac_cv_env_CFLAGS_value='-static -O2 -g'
ac_cv_env_CPPFLAGS_set=
ac_cv_env_CPPFLAGS_value=
ac_cv_env_CPP_set=
ac_cv_env_CPP_value=
ac_cv_env_LDFLAGS_set=
ac_cv_env_LDFLAGS_value=
ac_cv_env_build_alias_set=
ac_cv_env_build_alias_value=
ac_cv_env_host_alias_set=
ac_cv_env_host_alias_value=
ac_cv_env_target_alias_set=
ac_cv_env_target_alias_value=
ac_cv_exeext=
ac_cv_objext=o
ac_cv_path_MAKE=/usr/bin/make
ac_cv_prog_ac_ct_CC=gcc
ac_cv_prog_cc_g=yes
ac_cv_prog_cc_stdc=

## ----------------- ##
## Output variables. ##
## ----------------- ##

AWK=''
CC='gcc'
CFLAGS='-static -O2 -g'
CPP=''
CPPFLAGS=''
DEFS=''
ECHO=''
ECHO_C=''
ECHO_N='-n'
ECHO_T=''
EGREP=''
EXEEXT=''
LDFLAGS=''
LIBOBJS=''
LIBS=''
LIBTOOL=''
LN_S=''
LTLIBOBJS=''
MAKE='/usr/bin/make'
MAKEDEPEND=''
MSGFMT=''
MSGMERGE=''
OBJEXT='o'
PACKAGE_BUGREPORT=''
PACKAGE_NAME=''
PACKAGE_STRING=''
PACKAGE_TARNAME=''
PACKAGE_VERSION=''
PATH_SEPARATOR=':'
RPM=''
RPMBUILD=''
SED=''
SHELL='/bin/sh'
SORT=''
TAR=''
XGETTEXT=''
ZIP=''
ac_ct_CC='gcc'
awk=''
bindir='${exec_prefix}/bin'
build_alias=''
cc='gcc'
datadir='${prefix}/share'
debug_build='-DDEBUG'
echo=''
enable_gettext='yes'
enable_lib64='no'
enable_shared='yes'
exec_prefix='NONE'
have_zipped_manpages=''
host_alias=''
includedir='${prefix}/include'
infodir='${prefix}/info'
libattr=''
libdir='${exec_prefix}/lib'
libdirsuffix=''
libexecdir='${exec_prefix}/libexec'
libtool=''
localstatedir='${prefix}/var'
make='/usr/bin/make'
makedepend=''
malloc_lib=''
mandir='${prefix}/man'
msgfmt=''
msgmerge=''
oldincludedir='/usr/include'
opt_build='-g -O2'
pkg_distribution='Linux'
pkg_group='flx'
pkg_name='acl'
pkg_platform='linux'
pkg_release='1'
pkg_user='flx'
pkg_version='2.2.47'
prefix='NONE'
program_transform_name='s,x,x,'
rpm=''
rpm_version=''
rpmbuild=''
sbindir='${exec_prefix}/sbin'
sed=''
sharedstatedir='${prefix}/com'
sort=''
sysconfdir='${prefix}/etc'
tar=''
target_alias=''
xgettext=''
zip=''

## ----------- ##
## confdefs.h. ##
## ----------- ##

#define PACKAGE_BUGREPORT ""
#define PACKAGE_NAME ""
#define PACKAGE_STRING ""
#define PACKAGE_TARNAME ""
#define PACKAGE_VERSION ""

configure: exit 1
